<?xml version="1.0" encoding="UTF-8" ?>
<testsuite failures="0" time="0.005" errors="0" skipped="0" tests="5" name="com.eventmobi.matheus.marsrover.tests.RoverMovingFeaturesTest">
  <properties>
    <property name="java.runtime.name" value="Java(TM) SE Runtime Environment"/>
    <property name="sun.boot.library.path" value="J:\jdk1.7.0_21\jre\bin"/>
    <property name="java.vm.version" value="23.21-b01"/>
    <property name="java.vm.vendor" value="Oracle Corporation"/>
    <property name="java.vendor.url" value="http://java.oracle.com/"/>
    <property name="path.separator" value=";"/>
    <property name="guice.disable.misplaced.annotation.check" value="true"/>
    <property name="java.vm.name" value="Java HotSpot(TM) Client VM"/>
    <property name="file.encoding.pkg" value="sun.io"/>
    <property name="user.script" value=""/>
    <property name="user.country" value="BR"/>
    <property name="sun.java.launcher" value="SUN_STANDARD"/>
    <property name="sun.os.patch.level" value="Service Pack 1"/>
    <property name="java.vm.specification.name" value="Java Virtual Machine Specification"/>
    <property name="user.dir" value="J:\github\mars-hover\MarsRover"/>
    <property name="java.runtime.version" value="1.7.0_21-b11"/>
    <property name="java.awt.graphicsenv" value="sun.awt.Win32GraphicsEnvironment"/>
    <property name="java.endorsed.dirs" value="J:\jdk1.7.0_21\jre\lib\endorsed"/>
    <property name="os.arch" value="x86"/>
    <property name="java.io.tmpdir" value="C:\Users\y2gh\AppData\Local\Temp\"/>
    <property name="line.separator" value="
"/>
    <property name="java.vm.specification.vendor" value="Oracle Corporation"/>
    <property name="user.variant" value=""/>
    <property name="os.name" value="Windows 7"/>
    <property name="maven.ext.class.path" value="C:\TFS_local\ambiente-java-3.0\Java\netbeans\NetBeans 8.1\java\maven-nblib\netbeans-eventspy.jar"/>
    <property name="classworlds.conf" value="J:\apache-maven-3.0.4\bin\m2.conf"/>
    <property name="sun.jnu.encoding" value="Cp1252"/>
    <property name="java.library.path" value="J:\jdk1.7.0_21\bin;C:\WINDOWS\Sun\Java\bin;C:\WINDOWS\system32;C:\WINDOWS;C:\ORACLE\product\11.2.0\client_1\bin;C:\ORACLE\32\cliente\bin;C:\ORACLE\32\cliente;C:\Arquivos de Programas\IBM\RationalSDLC\common;C:\WINDOWS\system32;C:\WINDOWS;C:\WINDOWS\System32\Wbem;C:\WINDOWS\System32\WindowsPowerShell\v1.0\;C:\Program Files\Codec Pack TIC x64\QuickTime Alternative\QTSystem;c:\Program Files (x86)\Microsoft SQL Server\100\Tools\Binn\;c:\Program Files\Microsoft SQL Server\100\Tools\Binn\;c:\Program Files\Microsoft SQL Server\100\DTS\Binn\;C:\Arquivos de Programas\IBM\RationalSDLC\ClearCase\bin;C:\Program Files (x86)\PIPC\bin\;C:\Program Files\Microsoft\Web Platform Installer\;C:\Program Files (x86)\IXOS\bin;C:\Program Files\TortoiseSVN\bin;C:\Program Files (x86)\Microsoft ASP.NET\ASP.NET Web Pages\v1.0\;C:\Program Files (x86)\Windows Kits\8.0\Windows Performance Toolkit\;C:\Program Files\Microsoft SQL Server\110\Tools\Binn\;J:\git\Git\cmd;C:\Program Files\gradle-4.7-all\gradle-4.7\bin;J:\apache-maven-3.0.4\bin;J:\jdk1.7.0_21\bin;J:\nodejs\node-v6.11.1-win-x64;."/>
    <property name="java.specification.name" value="Java Platform API Specification"/>
    <property name="java.class.version" value="51.0"/>
    <property name="sun.management.compiler" value="HotSpot Client Compiler"/>
    <property name="os.version" value="6.1"/>
    <property name="user.home" value="C:\Users\y2gh"/>
    <property name="user.timezone" value="GMT-03:00"/>
    <property name="java.awt.printerjob" value="sun.awt.windows.WPrinterJob"/>
    <property name="java.specification.version" value="1.7"/>
    <property name="file.encoding" value="UTF-8"/>
    <property name="java.net.useSystemProxies" value="true"/>
    <property name="user.name" value="y2gh"/>
    <property name="java.class.path" value="J:\apache-maven-3.0.4\boot\plexus-classworlds-2.4.jar"/>
    <property name="java.vm.specification.version" value="1.7"/>
    <property name="sun.arch.data.model" value="32"/>
    <property name="java.home" value="J:\jdk1.7.0_21\jre"/>
    <property name="sun.java.command" value="org.codehaus.plexus.classworlds.launcher.Launcher -Dmaven.ext.class.path=C:\TFS_local\ambiente-java-3.0\Java\netbeans\NetBeans 8.1\java\maven-nblib\netbeans-eventspy.jar -Dfile.encoding=UTF-8 -Djava.net.useSystemProxies=true test"/>
    <property name="java.specification.vendor" value="Oracle Corporation"/>
    <property name="user.language" value="pt"/>
    <property name="awt.toolkit" value="sun.awt.windows.WToolkit"/>
    <property name="java.vm.info" value="mixed mode"/>
    <property name="java.version" value="1.7.0_21"/>
    <property name="java.ext.dirs" value="J:\jdk1.7.0_21\jre\lib\ext;C:\WINDOWS\Sun\Java\lib\ext"/>
    <property name="sun.boot.class.path" value="J:\jdk1.7.0_21\jre\lib\resources.jar;J:\jdk1.7.0_21\jre\lib\rt.jar;J:\jdk1.7.0_21\jre\lib\sunrsasign.jar;J:\jdk1.7.0_21\jre\lib\jsse.jar;J:\jdk1.7.0_21\jre\lib\jce.jar;J:\jdk1.7.0_21\jre\lib\charsets.jar;J:\jdk1.7.0_21\jre\lib\jfr.jar;J:\jdk1.7.0_21\jre\classes"/>
    <property name="java.vendor" value="Oracle Corporation"/>
    <property name="maven.home" value="J:\apache-maven-3.0.4"/>
    <property name="file.separator" value="\"/>
    <property name="java.vendor.url.bug" value="http://bugreport.sun.com/bugreport/"/>
    <property name="sun.cpu.endian" value="little"/>
    <property name="sun.io.unicode.encoding" value="UnicodeLittle"/>
    <property name="sun.desktop" value="windows"/>
    <property name="sun.cpu.isalist" value="pentium_pro+mmx pentium_pro pentium+mmx pentium i486 i386 i86"/>
  </properties>
  <testcase time="0" classname="com.eventmobi.matheus.marsrover.tests.RoverMovingFeaturesTest" name="when_rover_is_heading_south_and_moves_ahead_then_y_decrements_by_1_and_x_remains_the_same"/>
  <testcase time="0" classname="com.eventmobi.matheus.marsrover.tests.RoverMovingFeaturesTest" name="when_rover_is_heading_east_and_moves_ahead_then_x_increments_by_1_and_y_remains_the_same"/>
  <testcase time="0" classname="com.eventmobi.matheus.marsrover.tests.RoverMovingFeaturesTest" name="when_rover_is_heading_west_and_moves_ahead_then_x_decrements_by_1_and_y_remains_the_same"/>
  <testcase time="0" classname="com.eventmobi.matheus.marsrover.tests.RoverMovingFeaturesTest" name="when_rover_is_heading_north_and_moves_ahead_then_y_increments_by_1_and_x_remains_the_same"/>
  <testcase time="0" classname="com.eventmobi.matheus.marsrover.tests.RoverMovingFeaturesTest" name="when_rover_is_facing_plateaus_border_and_is_ordered_to_move_ahead__then_it_should_ignore_the_order"/>
</testsuite>